 ------ --------------------------------------------------------------------------------------------------------------- 
  Line   modules/humsci/hs_actions/tests/src/Kernel/Plugin/Action/FieldClone/DateTest.php                               
 ------ --------------------------------------------------------------------------------------------------------------- 
  125    Call to method PHPUnit\Framework\Assert::assertInstanceOf() with                                               
         'Drupal\\hs_actions\\Plugin\\Action\\FieldClone\\Date' and Drupal\hs_actions\Plugin\Action\FieldClone\Date     
         will always evaluate to true.                                                                                  
         🪪  method.alreadyNarrowedType                                                                                 
         💡  Because the type is coming from a PHPDoc, you can turn off this check by setting treatPhpDocTypesAsCertain  
         : false in your phpstan.neon.                                                                                  
 ------ --------------------------------------------------------------------------------------------------------------- 

 ------ ---------------------------------------------------------- 
  Line   modules/humsci/hs_blocks/src/Plugin/Block/GroupBlock.php  
 ------ ---------------------------------------------------------- 
  144    Expression in empty() is not falsy.                       
         🪪  empty.expr                                            
 ------ ---------------------------------------------------------- 

 ------ ---------------------------------------------------------------------------------------------------- 
  Line   modules/humsci/hs_capx/src/Entity/CapxImporter.php                                                  
 ------ ---------------------------------------------------------------------------------------------------- 
  161    Property Drupal\hs_capx\Entity\CapxImporter::$importWhat (int) on left side of ?? is not nullable.  
         🪪  nullCoalesce.property                                                                           
 ------ ---------------------------------------------------------------------------------------------------- 

 ------ ---------------------------------------------------------------------------------- 
  Line   modules/humsci/hs_capx/tests/src/Unit/Plugin/migrate/process/CapxTaggingTest.php  
 ------ ---------------------------------------------------------------------------------- 
  77     Negated boolean expression is always true.                                        
         🪪  booleanNot.alwaysTrue                                                         
 ------ ---------------------------------------------------------------------------------- 

 ------ --------------------------------------------------------------------------------------------------------------- 
  Line   modules/humsci/hs_config_overrides/src/Overrides/ConfigOverrides.php                                           
 ------ --------------------------------------------------------------------------------------------------------------- 
  141    Right side of && is always true.                                                                               
         🪪  booleanAnd.rightAlwaysTrue                                                                                 
         💡  Because the type is coming from a PHPDoc, you can turn off this check by setting treatPhpDocTypesAsCertain  
         : false in your phpstan.neon.                                                                                  
  250    Left side of && is always true.                                                                                
         🪪  booleanAnd.leftAlwaysTrue                                                                                  
         💡  Because the type is coming from a PHPDoc, you can turn off this check by setting treatPhpDocTypesAsCertain  
         : false in your phpstan.neon.                                                                                  
 ------ --------------------------------------------------------------------------------------------------------------- 

 ------ --------------------------------------------------------------------------------------------------------------- 
  Line   modules/humsci/hs_config_partial/src/EventSubscriber/PartialImportEventSubscriber.php                          
 ------ --------------------------------------------------------------------------------------------------------------- 
  60     If condition is always true.                                                                                   
         🪪  if.alwaysTrue                                                                                              
         💡  Because the type is coming from a PHPDoc, you can turn off this check by setting treatPhpDocTypesAsCertain  
         : false in your phpstan.neon.                                                                                  
 ------ --------------------------------------------------------------------------------------------------------------- 

 ------ -------------------------------------------------------------------------------------------------------- 
  Line   modules/humsci/hs_config_readonly/tests/src/Unit/EventSubscriber/ConfigReadOnlyEventSubscriberTest.php  
 ------ -------------------------------------------------------------------------------------------------------- 
  85     Unreachable statement - code above always terminates.                                                   
         🪪  deadCode.unreachable                                                                                
  88     Unreachable statement - code above always terminates.                                                   
         🪪  deadCode.unreachable                                                                                
  92     Unreachable statement - code above always terminates.                                                   
         🪪  deadCode.unreachable                                                                                
  100    Unreachable statement - code above always terminates.                                                   
         🪪  deadCode.unreachable                                                                                
 ------ -------------------------------------------------------------------------------------------------------- 

 ------ --------------------------------------------------------- 
  Line   modules/humsci/hs_dashboard/src/AnimationStatus.php      
 ------ --------------------------------------------------------- 
  29     Match expression does not handle remaining value: mixed  
         🪪  match.unhandled                                      
 ------ --------------------------------------------------------- 

 ------ ------------------------------------------------------------------------------------------- 
  Line   modules/humsci/hs_dashboard/src/AnnouncementsManager.php                                   
 ------ ------------------------------------------------------------------------------------------- 
  187    Offset 1 on non-empty-list<string|null> in isset() always exists and is not nullable.      
         🪪  isset.offset                                                                           
  191    Offset 3 on non-empty-list<int|string|null> in isset() always exists and is not nullable.  
         🪪  isset.offset                                                                           
 ------ ------------------------------------------------------------------------------------------- 

 ------ --------------------------------------------------------------------------------------------------------------- 
  Line   modules/humsci/hs_events/src/Services/EventFormModifier.php                                                    
 ------ --------------------------------------------------------------------------------------------------------------- 
  77     Left side of && is always true.                                                                                
         🪪  booleanAnd.leftAlwaysTrue                                                                                  
         💡  Because the type is coming from a PHPDoc, you can turn off this check by setting treatPhpDocTypesAsCertain  
         : false in your phpstan.neon.                                                                                  
 ------ --------------------------------------------------------------------------------------------------------------- 

 ------ --------------------------------------------------------------------------------------------------------------- 
  Line   modules/humsci/hs_field_helpers/hs_field_helpers.module                                                        
 ------ --------------------------------------------------------------------------------------------------------------- 
  434    Ternary operator condition is always true.                                                                     
         🪪  ternary.alwaysTrue                                                                                         
  624    Call to function is_string() with string will always evaluate to true.                                         
         🪪  function.alreadyNarrowedType                                                                               
         💡  Because the type is coming from a PHPDoc, you can turn off this check by setting treatPhpDocTypesAsCertain  
         : false in your phpstan.neon.                                                                                  
  705    Right side of && is always true.                                                                               
         🪪  booleanAnd.rightAlwaysTrue                                                                                 
         💡  Remove remaining cases below this one and this error will disappear too.                                   
 ------ --------------------------------------------------------------------------------------------------------------- 

 ------ --------------------------------------------------------------------------------------------------------------- 
  Line   modules/humsci/hs_field_helpers/src/EventSubscriber/EventSubscriber.php                                        
 ------ --------------------------------------------------------------------------------------------------------------- 
  127    If condition is always true.                                                                                   
         🪪  if.alwaysTrue                                                                                              
         💡  Because the type is coming from a PHPDoc, you can turn off this check by setting treatPhpDocTypesAsCertain  
         : false in your phpstan.neon.                                                                                  
 ------ --------------------------------------------------------------------------------------------------------------- 

 ------ --------------------------------------------------------------------------------------------------------------- 
  Line   modules/humsci/hs_layouts/hs_layouts.module                                                                    
 ------ --------------------------------------------------------------------------------------------------------------- 
  204    Expression on left side of ?? is not nullable.                                                                 
         🪪  nullCoalesce.expr                                                                                          
  284    Ternary operator condition is always true.                                                                     
         🪪  ternary.alwaysTrue                                                                                         
         💡  Because the type is coming from a PHPDoc, you can turn off this check by setting treatPhpDocTypesAsCertain  
         : false in your phpstan.neon.                                                                                  
 ------ --------------------------------------------------------------------------------------------------------------- 

 ------ --------------------------------------------------------------------------------------------------------------- 
  Line   modules/humsci/hs_layouts/src/TwigExtension/TwigFilters.php                                                    
 ------ --------------------------------------------------------------------------------------------------------------- 
  36     Call to function is_array() with array will always evaluate to true.                                           
         🪪  function.alreadyNarrowedType                                                                               
         💡  Because the type is coming from a PHPDoc, you can turn off this check by setting treatPhpDocTypesAsCertain  
         : false in your phpstan.neon.                                                                                  
 ------ --------------------------------------------------------------------------------------------------------------- 

 ------ --------------------------------------------------------------------------------------------------------------- 
  Line   modules/humsci/hs_migrate/src/Plugin/migrate/process/FieldDefaultValue.php                                     
 ------ --------------------------------------------------------------------------------------------------------------- 
  62     Negated boolean expression is always false.                                                                    
         🪪  booleanNot.alwaysFalse                                                                                     
         💡  Because the type is coming from a PHPDoc, you can turn off this check by setting treatPhpDocTypesAsCertain  
         : false in your phpstan.neon.                                                                                  
 ------ --------------------------------------------------------------------------------------------------------------- 

 ------ ----------------------------------------------------------------------------------------- 
  Line   modules/humsci/hs_views_helper/tests/src/Unit/Normalizer/HumsciMarkupNormalizerTest.php  
 ------ ----------------------------------------------------------------------------------------- 
  26     Call to method PHPUnit\Framework\Assert::assertInstanceOf() with                         
         'Drupal\\hs_views_helper\\Normalizer\\HumsciMarkupNormalizer' and                        
         Drupal\hs_views_helper\Normalizer\HumsciMarkupNormalizer will always evaluate to true.   
         🪪  method.alreadyNarrowedType                                                           
 ------ ----------------------------------------------------------------------------------------- 

 ------ --------------------------------------------------------------------------------------------------------------- 
  Line   modules/humsci/hs_views_helper/tests/src/Unit/Plugin/views/query/SqlTest.php                                   
 ------ --------------------------------------------------------------------------------------------------------------- 
  52     Call to method PHPUnit\Framework\Assert::assertInstanceOf() with                                               
         'Drupal\\hs_views_helper\\Plugin\\views\\query\\Sql' and Drupal\hs_views_helper\Plugin\views\query\Sql will    
         always evaluate to true.                                                                                       
         🪪  method.alreadyNarrowedType                                                                                 
         💡  Because the type is coming from a PHPDoc, you can turn off this check by setting treatPhpDocTypesAsCertain  
         : false in your phpstan.neon.                                                                                  
  109    Call to method PHPUnit\Framework\Assert::assertCount() with 5 and array{field_first: array{table:              
         'node__field_first', field: 'field_first'}, field_second: array{table: 'node__field_second', field:            
         'field_second'}, field_third: array{table: 'node__field_third', field: 'field_third'}, created: array{table:   
         'node_field_data', field: 'created'}} will always evaluate to false.                                           
         🪪  method.impossibleType                                                                                      
         💡  Because the type is coming from a PHPDoc, you can turn off this check by setting treatPhpDocTypesAsCertain  
         : false in your phpstan.neon.                                                                                  
  110    Call to method PHPUnit\Framework\Assert::assertCount() with 3 and array{array{field: 'field_first',            
         direction: 'ASC'}, array{field: 'field_second', direction: 'ASC'}, array{field: 'field_third', direction:      
         'ASC'}, array{field: 'field_fourth', direction: 'ASC'}, array{field: 'created', direction: 'ASC'}} will        
         always evaluate to false.                                                                                      
         🪪  method.impossibleType                                                                                      
         💡  Because the type is coming from a PHPDoc, you can turn off this check by setting treatPhpDocTypesAsCertain  
         : false in your phpstan.neon.                                                                                  
 ------ --------------------------------------------------------------------------------------------------------------- 

 ------ --------------------------------------------------------------------------------------------------------------- 
  Line   profiles/humsci/su_humsci_profile/modules/humsci_events_listeners/src/EventSubscriber/MenuEvents.php           
 ------ --------------------------------------------------------------------------------------------------------------- 
  65     Left side of && is always true.                                                                                
         🪪  booleanAnd.leftAlwaysTrue                                                                                  
         💡  Because the type is coming from a PHPDoc, you can turn off this check by setting treatPhpDocTypesAsCertain  
         : false in your phpstan.neon.                                                                                  
         💡  If Drupal\menu_link_content\MenuLinkContentInterface::getUrlObject() is impure, add @phpstan-impure PHPDoc  
          tag above its declaration. Learn more: https://phpstan.org/blog/remembering-and-forgetting-returned-values    
 ------ --------------------------------------------------------------------------------------------------------------- 

 ------ ------------------------------------------------------------------------------------------------------ 
  Line   profiles/humsci/su_humsci_profile/modules/humsci_events_listeners/src/EventSubscriber/NodeEvents.php  
 ------ ------------------------------------------------------------------------------------------------------ 
  154    Property Drupal\humsci_events_listeners\EventSubscriber\NodeEvents::$rabbitHoleBehavior               
         (Drupal\rabbit_hole\BehaviorInvokerInterface) in isset() is not nullable.                             
         🪪  isset.property                                                                                    
 ------ ------------------------------------------------------------------------------------------------------ 

 ------ ----------------------------------------------------------------------------------------- 
  Line   profiles/humsci/su_humsci_profile/src/Plugin/KeyProvider/EncryptedConfigKeyProvider.php  
 ------ ----------------------------------------------------------------------------------------- 
  102    Offset 'key_value' on non-empty-array in isset() always exists and is not nullable.      
         🪪  isset.offset                                                                         
 ------ ----------------------------------------------------------------------------------------- 

 ------ ------------------------------------------------------------- 
  Line   profiles/humsci/su_humsci_profile/su_humsci_profile.profile  
 ------ ------------------------------------------------------------- 
  129    Ternary operator condition is always true.                   
         🪪  ternary.alwaysTrue                                       
 ------ ------------------------------------------------------------- 

 -- ------------------------------------------------------------------------------------- 
     Error                                                                                
 -- ------------------------------------------------------------------------------------- 
     Ignored error pattern missingType.iterableValue was not matched in reported errors.  
 -- ------------------------------------------------------------------------------------- 

 [ERROR] Found 32 errors                                                                                                

