# PHPStan AI Fixes Log

## Level 1

- Fixed missing `int` returns in entity form save handlers:
  - `hs_capx` importer form now returns the entity save status.
  - `hs_courses_importer` course tag form now returns the entity save status.
  - `hs_entities` entity type form now returns the entity save status.
- Fixed missing returns in test doubles:
  - `TestEntityFormWizardCallbackObject` now returns placeholder values matching the CTools wizard interface contract.
  - `MigrateExecutableTest::import()` now returns `MigrationInterface::RESULT_COMPLETED` to satisfy `MigrateExecutableInterface`.
- Fixed Drupal core namespace drift:
  - `GroupBlock` now imports `RefinableDependentAccessInterface` and `RefinableDependentAccessTrait` from `Drupal\Core\Access`, which matches this Drupal core version.
- Documented but did not change:
  - `phpstan.neon` contains an ignored error pattern for `missingType.iterableValue` that was not matched in this report. No config change was made per policy.

## Level 2

### Batch 1

- Fixed `hs_capx` form typing so PHPStan understands the form entity is `CapxImporterInterface` when calling `getFieldTags()`.
- Updated `hs_capx` unit test mock annotations from the removed legacy PHPUnit mock class to modern `MockObject` intersection types.
- Fixed the `hs_capx` unit test to call `syncOrganizations()` with its actual zero-argument signature.
- Fixed `hs_entities` form typing so the config entity is treated as `HsEntityType` when calling `set()`.

### Batch 2

- Fixed malformed fully qualified class names in `hs_dashboard` constructor and interface PHPDoc so they match the native types.
- Corrected `hs_siteimprove` interface PHPDoc for `getCurrentSiteId()` to match its `?string` return type.
- Fixed `su_humsci_profile` post-install content importer helper to explicitly return `NULL` when the service is unavailable.

### Batch 3

- Narrowed Drupal runtime types in `hs_cmap`, `hs_events`, `hs_migrate`, and `hs_hero_image` so valid field/entity methods are called on the correct subtype instead of generic `EntityInterface`.
- Fixed menu link cache invalidation traversal in the profile event subscriber by separating the current menu-link variable from the loaded parent entities and keeping the type explicit.
- Fixed the menu link constraint validator by correcting the request property type and narrowing the generic Symfony `Constraint` to the custom `MenuLinkItemConstraint` before reading `absoluteLink`.

### Batch 4

- Updated the events importer form to use Guzzle's `request()` API instead of an undefined `get()` call on `ClientInterface`.
- Fixed multiple field/widget and layout helper issues by returning `NULL` explicitly, narrowing node/layout item types, avoiding direct magic-property access, and guarding third-party settings access behind the proper interface.
- Narrowed the custom Views relationship query object to the SQL query plugin before calling `addRelationship()`.
- Narrowed the serializer display handler to REST export before calling `getContentType()`.
- Corrected `ui_patterns_field_variants` to use `getLabel()` on field definitions.

### Batch 5

- Fixed the remaining level 2 install-hook storage typings by using the correct config storage interface and matching PHPDoc variable names in `hs_paragraph_types` and `su_humsci_profile`.
- Narrowed paragraph and parent entity types in update hooks so valid field, revision, and behavior methods are recognized.
- Narrowed DOM nodes to `DOMElement` in `hs_table_filter` and its unit tests before accessing element-only properties and methods.

### Level 2 Result

- Full validation command run:
  - `vendor/bin/phpstan analyse --configuration=phpstan.neon --level=2 docroot/modules/humsci docroot/profiles/humsci`
- Result:
  - No remaining code issues in the scanned custom code paths.
  - One existing config-only notice remains: ignored error pattern `missingType.iterableValue` was not matched. Per policy, no config change was made.

## Level 3

### Batch 1

- Fixed runtime-code return and property types across `hs_actions`, `hs_capx`, `hs_dashboard`, `hs_field_helpers`, `hs_layouts`, and `hs_migrate`.
- Narrowed entity/config assignments where Drupal APIs return broader interfaces than the consuming code expects.
- Corrected mismatched return shapes so declared method contracts now match actual returned values.

### Batch 2

- Fixed test property typing by changing overridden `$modules` PHPDoc to `array<string>` in the affected kernel and functional tests.
- Narrowed the `CourseTagListBuilderTest` list-builder assignment to the concrete `CourseTagListBuilder` type.

### Level 3 Result

- Full validation command run:
  - `vendor/bin/phpstan analyse --configuration=phpstan.neon --level=3 docroot/modules/humsci docroot/profiles/humsci`
- Result:
  - No remaining code issues in the scanned custom code paths.
  - One existing config-only notice remains: ignored error pattern `missingType.iterableValue` was not matched. Per policy, no config change was made.

## Level 4

### Batch 1

- Simplified redundant production-code conditions and nullability checks across block, importer, config override, dashboard, events, field helper, layout, migrate, and profile code.
- Replaced truthiness checks that PHPStan could already prove with explicit or direct logic while preserving behavior.
- Narrowed one loaded config-page entity before field access after the first focused validation surfaced the broader `EntityInterface` type.

### Batch 2

- Removed redundant type assertions in tests where the variable was already narrowed by local types.
- Removed unreachable `break` statements after `return` in the config-readonly unit test callback.
- Replaced brittle count assertions in the views helper SQL test with assertions about the actual transformed fields/order-by values.

### Level 4 Result

- Full validation command run:
  - `vendor/bin/phpstan analyse --configuration=phpstan.neon --level=4 docroot/modules/humsci docroot/profiles/humsci`
- Result:
  - No remaining PHPStan issues in the scanned custom code paths.

## Level 5

### Batch 1

- Fixed remaining level 5 call-site argument mismatches and one comparator callback signature.
- Narrowed views/event-subscriber entities to the required Drupal subtypes before calling node/menu-link specific APIs.
- Corrected one test helper constructor call to pass valid non-null plugin id/definition placeholders.

### Level 5 Result

- Full validation command run:
  - `vendor/bin/phpstan analyse --configuration=phpstan.neon --level=5 docroot/modules/humsci docroot/profiles/humsci`
- Result:
  - No remaining PHPStan issues in the scanned custom code paths.